2023-07-13 09:14:01 INFO     Setup finished - Starting script
2023-07-13 09:14:01 INFO     Loading Football Data
2023-07-13 09:14:01 INFO     Called Football API succesfully
2023-07-13 09:14:01 INFO     Loading NBA Data
2023-07-13 09:14:01 INFO     Called NBA API succesfully
2023-07-13 09:14:01 INFO     Generating PDF Report from Data
2023-07-13 09:14:01 INFO     Generated PDF Report succesfully to 'tmp/report.pdf'
2023-07-13 09:14:01 INFO     Sending mail
2023-07-13 09:14:02 INFO     Mail sent succesfully
2023-07-13 09:14:02 INFO     Start uploading report via FTP
2023-07-13 09:14:03 INFO     Uploaded Report via FTP succesfully to '/m122/report_1689239642.831202.pdf'
2023-07-13 09:15:01 INFO     Setup finished - Starting script
2023-07-13 09:15:01 INFO     Loading Football Data
2023-07-13 09:15:01 INFO     Called Football API succesfully
2023-07-13 09:15:01 INFO     Loading NBA Data
2023-07-13 09:15:01 INFO     Called NBA API succesfully
2023-07-13 09:15:01 INFO     Generating PDF Report from Data
2023-07-13 09:15:01 INFO     Generated PDF Report succesfully to 'tmp/report.pdf'
2023-07-13 09:15:01 INFO     Sending mail
2023-07-13 09:15:02 INFO     Mail sent succesfully
2023-07-13 09:15:02 INFO     Start uploading report via FTP
2023-07-13 09:15:03 INFO     Uploaded Report via FTP succesfully to '/m122/report_1689239702.703986.pdf'
2023-07-13 09:16:01 INFO     Setup finished - Starting script
2023-07-13 09:16:01 INFO     Loading Football Data
2023-07-13 09:16:01 INFO     Called Football API succesfully
2023-07-13 09:16:01 INFO     Loading NBA Data
2023-07-13 09:16:01 INFO     Called NBA API succesfully
2023-07-13 09:16:01 INFO     Generating PDF Report from Data
2023-07-13 09:16:01 INFO     Generated PDF Report succesfully to 'tmp/report.pdf'
2023-07-13 09:16:01 INFO     Sending mail
2023-07-13 09:16:02 INFO     Mail sent succesfully
2023-07-13 09:16:02 INFO     Start uploading report via FTP
2023-07-13 09:16:02 INFO     Uploaded Report via FTP succesfully to '/m122/report_1689239762.6258955.pdf'
